2025-06-28 00:35:57,814 - INFO - Fetching data from CoinGecko...
2025-06-28 00:35:58,412 - ERROR - CoinGecko API error: 401 Client Error: Unauthorized for url: https://api.coingecko.com/api/v3/coins/top_gainers_losers?vs_currency=usd&top_coins=100
2025-06-28 00:35:58,412 - INFO - Fetching data from Binance...
2025-06-28 00:35:59,000 - INFO - Fetching data from Bybit...
2025-06-28 00:35:59,561 - INFO - Data saved to crypto_data_20250628_003559.json
2025-06-28 00:36:33,131 - INFO - Fetching data from CoinGecko...
2025-06-28 00:36:33,511 - INFO - Fetching data from Binance...
2025-06-28 00:36:33,892 - INFO - Fetching data from Bybit...
2025-06-28 00:36:34,261 - INFO - Data saved to crypto_data_20250628_003634.json
2025-06-28 00:39:30,455 - INFO - Fetching data from CoinGecko...
2025-06-28 00:39:30,835 - INFO - Fetching data from Binance...
2025-06-28 00:39:31,479 - INFO - Fetching data from Bybit...
2025-06-28 00:39:32,241 - INFO - Data saved to daily_data/crypto_data_2025-06-28.json
2025-06-28 00:42:18,216 - INFO - Fetching data from CoinGecko...
2025-06-28 00:42:19,079 - INFO - Fetching data from Binance...
2025-06-28 00:42:19,817 - INFO - Found 407 USDT trading pairs on Binance
2025-06-28 00:42:20,130 - INFO - Processed 593 USDT pairs with valid data
2025-06-28 00:42:20,149 - INFO - Fetching data from Bybit...
2025-06-28 00:42:20,858 - INFO - Found 525 USDT trading pairs on Bybit
2025-06-28 00:42:21,232 - INFO - Processed 525 USDT pairs with valid data
2025-06-28 00:42:21,255 - INFO - Data saved to crypto_data_20250628_004221.json
2025-06-28 00:44:48,796 - INFO - Fetching data from CoinGecko...
2025-06-28 00:44:49,377 - INFO - Fetching data from Binance...
2025-06-28 00:44:50,190 - INFO - Found 407 USDT trading pairs on Binance
2025-06-28 00:44:50,637 - INFO - Processed 593 USDT pairs with valid data
2025-06-28 00:44:50,657 - INFO - Fetching data from Bybit...
2025-06-28 00:44:51,419 - INFO - Found 525 USDT trading pairs on Bybit
2025-06-28 00:44:51,849 - INFO - Processed 525 USDT pairs with valid data
2025-06-28 00:44:51,873 - INFO - Data saved to crypto_data_20250628_004451.json
2025-06-28 00:45:16,145 - INFO - Fetching data from CoinGecko...
2025-06-28 00:45:16,527 - INFO - Fetching data from Binance...
2025-06-28 00:45:16,967 - INFO - Found 407 USDT trading pairs on Binance
2025-06-28 00:45:17,284 - INFO - Processed 593 USDT pairs with valid data
2025-06-28 00:45:17,305 - INFO - Fetching data from Bybit...
2025-06-28 00:45:17,559 - INFO - Found 525 USDT trading pairs on Bybit
2025-06-28 00:45:17,951 - INFO - Processed 525 USDT pairs with valid data
2025-06-28 00:45:17,966 - INFO - Data saved to crypto_data_20250628_004517.json
2025-06-28 00:45:39,016 - INFO - Fetching data from CoinGecko...
2025-06-28 00:45:39,169 - INFO - Fetching data from Binance...
2025-06-28 00:45:39,590 - INFO - Found 407 USDT trading pairs on Binance
2025-06-28 00:45:39,888 - INFO - Processed 593 USDT pairs with valid data
2025-06-28 00:45:39,908 - INFO - Fetching data from Bybit...
2025-06-28 00:45:40,356 - INFO - Found 525 USDT trading pairs on Bybit
2025-06-28 00:45:40,575 - INFO - Processed 525 USDT pairs with valid data
2025-06-28 00:45:40,599 - INFO - Data saved to daily_data/crypto_data_2025-06-28.json
2025-06-28 01:00:08,529 - INFO - Fetching data from CoinGecko...
2025-06-28 01:00:09,027 - ERROR - CoinGecko API error: 401 Client Error: Unauthorized for url: https://api.coingecko.com/api/v3/coins/top_gainers_losers?duration=24h&top_coins=1000
2025-06-28 01:00:09,027 - INFO - Fetching data from Binance...
2025-06-28 01:00:09,698 - INFO - Found 407 USDT trading pairs on Binance
2025-06-28 01:00:10,160 - INFO - Processed 593 USDT pairs with valid data
2025-06-28 01:00:10,181 - INFO - Fetching data from Bybit...
2025-06-28 01:00:10,530 - INFO - Found 525 USDT trading pairs on Bybit
2025-06-28 01:00:10,819 - INFO - Processed 525 USDT pairs with valid data
2025-06-28 01:00:10,836 - INFO - Data saved to crypto_data_20250628_010010.json
2025-06-28 01:00:51,864 - INFO - Fetching data from CoinGecko...
2025-06-28 01:00:52,419 - INFO - CoinGecko: Fetched 100 tokens for analysis
2025-06-28 01:00:52,420 - INFO - CoinGecko: Found 47 gainers and 50 losers
2025-06-28 01:00:52,421 - INFO - Fetching data from Binance...
2025-06-28 01:00:53,059 - INFO - Found 407 USDT trading pairs on Binance
2025-06-28 01:00:53,447 - INFO - Processed 593 USDT pairs with valid data
2025-06-28 01:00:53,467 - INFO - Fetching data from Bybit...
2025-06-28 01:00:53,941 - INFO - Found 525 USDT trading pairs on Bybit
2025-06-28 01:00:54,337 - INFO - Processed 525 USDT pairs with valid data
2025-06-28 01:00:54,360 - INFO - Data saved to crypto_data_20250628_010054.json
2025-06-28 01:01:29,023 - INFO - Fetching data from CoinGecko...
2025-06-28 01:01:29,275 - INFO - CoinGecko: Fetched 100 tokens for analysis
2025-06-28 01:01:29,276 - INFO - CoinGecko: Found 47 gainers and 50 losers
2025-06-28 01:01:29,276 - INFO - Fetching data from Binance...
2025-06-28 01:01:29,911 - INFO - Found 407 USDT trading pairs on Binance
2025-06-28 01:01:30,386 - INFO - Processed 593 USDT pairs with valid data
2025-06-28 01:01:30,405 - INFO - Fetching data from Bybit...
2025-06-28 01:01:30,795 - INFO - Found 525 USDT trading pairs on Bybit
2025-06-28 01:01:31,090 - INFO - Processed 525 USDT pairs with valid data
2025-06-28 01:01:31,115 - INFO - Data saved to crypto_data_20250628_010131.json
2025-06-28 01:01:52,616 - INFO - Fetching data from CoinGecko...
2025-06-28 01:01:52,828 - INFO - CoinGecko: Fetched 100 tokens for analysis
2025-06-28 01:01:52,829 - INFO - CoinGecko: Found 47 gainers and 50 losers
2025-06-28 01:01:52,830 - INFO - Fetching data from Binance...
2025-06-28 01:01:53,504 - INFO - Found 407 USDT trading pairs on Binance
2025-06-28 01:01:54,032 - INFO - Processed 593 USDT pairs with valid data
2025-06-28 01:01:54,046 - INFO - Fetching data from Bybit...
2025-06-28 01:01:54,630 - INFO - Found 525 USDT trading pairs on Bybit
2025-06-28 01:01:55,124 - INFO - Processed 525 USDT pairs with valid data
2025-06-28 01:01:55,144 - INFO - Data saved to daily_data/crypto_data_2025-06-28.json
2025-06-28 01:06:06,614 - INFO - Fetching data from CoinGecko...
2025-06-28 01:06:09,112 - INFO - CoinGecko: Fetched 1000 tokens for analysis (pagination)
2025-06-28 01:06:09,113 - ERROR - CoinGecko API error: '<' not supported between instances of 'NoneType' and 'float'
2025-06-28 01:06:09,114 - INFO - Fetching data from Binance...
2025-06-28 01:06:09,773 - INFO - Found 407 USDT trading pairs on Binance
2025-06-28 01:06:10,215 - INFO - Processed 593 USDT pairs with valid data
2025-06-28 01:06:10,231 - INFO - Fetching data from Bybit...
2025-06-28 01:06:10,520 - INFO - Found 525 USDT trading pairs on Bybit
2025-06-28 01:06:10,828 - INFO - Processed 525 USDT pairs with valid data
2025-06-28 01:06:10,846 - INFO - Data saved to crypto_data_20250628_010610.json
2025-06-28 01:08:17,794 - INFO - Fetching data from CoinGecko...
2025-06-28 01:08:20,613 - INFO - CoinGecko: Fetched 1000 tokens for analysis (pagination)
2025-06-28 01:08:20,614 - ERROR - CoinGecko API error: '<' not supported between instances of 'NoneType' and 'float'
2025-06-28 01:08:20,615 - INFO - Fetching data from Binance...
2025-06-28 01:08:21,268 - INFO - Found 407 USDT trading pairs on Binance
2025-06-28 01:08:21,731 - INFO - Processed 593 USDT pairs with valid data
2025-06-28 01:08:21,746 - INFO - Fetching data from Bybit...
2025-06-28 01:08:22,247 - INFO - Found 525 USDT trading pairs on Bybit
2025-06-28 01:08:22,549 - INFO - Processed 525 USDT pairs with valid data
2025-06-28 01:08:22,568 - INFO - Data saved to crypto_data_20250628_010822.json
2025-06-28 01:08:49,025 - INFO - Fetching data from CoinGecko...
2025-06-28 01:08:49,487 - ERROR - CoinGecko API error: 429 Client Error: Too Many Requests for url: https://api.coingecko.com/api/v3/coins/markets?vs_currency=usd&order=market_cap_desc&per_page=250&page=2&sparkline=False&price_change_percentage=24h
2025-06-28 01:08:49,488 - INFO - Fetching data from Binance...
2025-06-28 01:08:50,105 - INFO - Found 407 USDT trading pairs on Binance
2025-06-28 01:08:50,510 - INFO - Processed 593 USDT pairs with valid data
2025-06-28 01:08:50,526 - INFO - Fetching data from Bybit...
2025-06-28 01:08:50,749 - INFO - Found 525 USDT trading pairs on Bybit
2025-06-28 01:08:51,011 - INFO - Processed 525 USDT pairs with valid data
2025-06-28 01:08:51,026 - INFO - Data saved to crypto_data_20250628_010851.json
2025-06-28 01:09:49,820 - INFO - Fetching data from CoinGecko...
2025-06-28 01:09:52,520 - INFO - CoinGecko: Fetched 1000 tokens for analysis (pagination)
2025-06-28 01:09:52,523 - INFO - CoinGecko: Found 50 gainers and 50 losers
2025-06-28 01:09:52,524 - INFO - Fetching data from Binance...
2025-06-28 01:09:53,224 - INFO - Found 407 USDT trading pairs on Binance
2025-06-28 01:09:53,660 - INFO - Processed 593 USDT pairs with valid data
2025-06-28 01:09:53,675 - INFO - Fetching data from Bybit...
2025-06-28 01:09:53,954 - INFO - Found 525 USDT trading pairs on Bybit
2025-06-28 01:09:54,235 - INFO - Processed 525 USDT pairs with valid data
2025-06-28 01:09:54,264 - INFO - Data saved to crypto_data_20250628_010954.json
2025-06-28 01:14:13,490 - INFO - Fetching data from CoinGecko...
2025-06-28 01:14:15,498 - INFO - CoinGecko: Fetched 1000 tokens for analysis (pagination)
2025-06-28 01:14:15,500 - INFO - CoinGecko: Found 50 gainers and 50 losers
2025-06-28 01:14:15,502 - INFO - Fetching data from Binance...
2025-06-28 01:14:16,112 - INFO - Found 407 USDT trading pairs on Binance
2025-06-28 01:14:16,531 - INFO - Processed 593 USDT pairs with valid data
2025-06-28 01:14:16,547 - INFO - Fetching data from Bybit...
2025-06-28 01:14:17,037 - INFO - Found 525 USDT trading pairs on Bybit
2025-06-28 01:14:17,328 - INFO - Processed 525 USDT pairs with valid data
2025-06-28 01:14:17,356 - INFO - Data saved to crypto_data_20250628_011417.json
2025-06-28 01:14:17,360 - INFO - Data exported to crypto_data_20250628_011417.csv
2025-07-01 09:48:57,533 - ERROR - Telegram API error: {'ok': False, 'error_code': 400, 'description': 'Bad Request: chat not found'}
2025-07-01 09:51:38,606 - ERROR - Telegram API error: {'ok': False, 'error_code': 400, 'description': 'Bad Request: chat not found'}
2025-07-01 10:11:16,261 - INFO - Telegram message sent successfully
2025-07-01 10:11:23,109 - INFO - Fetching data from CoinGecko...
2025-07-01 10:11:26,128 - INFO - CoinGecko: Fetched 1000 tokens for analysis (pagination)
2025-07-01 10:11:26,130 - INFO - CoinGecko: Found 10 gainers and 10 losers
2025-07-01 10:11:26,131 - INFO - Fetching data from Binance...
2025-07-01 10:11:26,978 - INFO - Found 407 USDT trading pairs on Binance
2025-07-01 10:11:27,556 - INFO - Processed 593 USDT pairs with valid data
2025-07-01 10:11:27,572 - INFO - Fetching data from Bybit...
2025-07-01 10:11:28,415 - INFO - Found 524 USDT trading pairs on Bybit
2025-07-01 10:11:28,922 - INFO - Processed 524 USDT pairs with valid data
2025-07-01 10:11:28,926 - INFO - Data saved to crypto_data_20250701_101128.json
2025-07-01 10:11:30,269 - INFO - Telegram message sent successfully
2025-07-01 10:24:08,328 - INFO - Fetching data from CoinGecko...
2025-07-01 10:24:11,221 - INFO - CoinGecko: Fetched 1000 tokens for analysis (pagination)
2025-07-01 10:24:11,223 - INFO - CoinGecko: Found 10 gainers and 10 losers
2025-07-01 10:24:11,224 - INFO - Fetching data from Binance...
2025-07-01 10:24:13,867 - INFO - Found 407 USDT trading pairs on Binance
2025-07-01 10:24:15,826 - INFO - Processed 593 USDT pairs with valid data
2025-07-01 10:24:15,847 - INFO - Fetching data from Bybit...
2025-07-01 10:24:17,178 - INFO - Found 524 USDT trading pairs on Bybit
2025-07-01 10:24:48,717 - INFO - Processed 524 USDT pairs with valid data
2025-07-01 10:24:48,748 - INFO - Data saved to crypto_data_20250701_102448.json
2025-07-01 10:24:48,759 - WARNING - Telegram bot token or topic ID not configured. Skipping Telegram message.
2025-07-01 10:25:18,214 - INFO - Fetching data from CoinGecko...
2025-07-01 10:25:20,978 - ERROR - CoinGecko API error: 429 Client Error: Too Many Requests for url: https://api.coingecko.com/api/v3/coins/markets?vs_currency=usd&order=market_cap_desc&per_page=250&page=4&sparkline=False&price_change_percentage=24h
2025-07-01 10:25:20,980 - INFO - Fetching data from Binance...
2025-07-01 10:25:21,826 - INFO - Found 407 USDT trading pairs on Binance
2025-07-01 10:25:22,415 - INFO - Processed 593 USDT pairs with valid data
2025-07-01 10:25:22,436 - INFO - Fetching data from Bybit...
2025-07-01 10:25:22,960 - INFO - Found 524 USDT trading pairs on Bybit
2025-07-01 10:25:23,654 - INFO - Processed 524 USDT pairs with valid data
2025-07-01 10:25:23,659 - INFO - Data saved to crypto_data_20250701_102523.json
2025-07-01 10:25:23,660 - WARNING - Telegram bot token or topic ID not configured. Skipping Telegram message.
2025-07-01 11:57:32,054 - INFO - Fetching data from CoinGecko...
2025-07-01 11:57:33,560 - INFO - CoinGecko: Fetched 1000 tokens for analysis (pagination)
2025-07-01 11:57:33,561 - INFO - CoinGecko: Found 10 gainers and 10 losers
2025-07-01 11:57:33,563 - INFO - Fetching data from Binance...
2025-07-01 11:57:34,294 - INFO - Found 407 USDT trading pairs on Binance
2025-07-01 11:57:34,567 - INFO - Processed 593 USDT pairs with valid data
2025-07-01 11:57:34,581 - INFO - Fetching data from Bybit...
2025-07-01 11:57:34,993 - INFO - Found 524 USDT trading pairs on Bybit
2025-07-01 11:57:35,161 - INFO - Processed 524 USDT pairs with valid data
2025-07-01 11:57:35,171 - INFO - Data saved to crypto_data_20250701_115735.json
2025-07-01 11:58:05,765 - ERROR - Error sending Telegram message: Connection timeout to host https://api.telegram.org/bot7689898274:AAFpBgsn4w1MNyIlEk1ygBvy0ep_VJhjdGE/sendMessage
2025-07-01 11:59:09,606 - ERROR - Telegram API error: {'ok': False, 'error_code': 400, 'description': 'Bad Request: group chat was upgraded to a supergroup chat', 'parameters': {'migrate_to_chat_id': -1002804413417}}
2025-07-01 11:59:09,609 - INFO - Startup message sent to Telegram
2025-07-01 12:00:00,413 - INFO - Fetching data from CoinGecko...
2025-07-01 12:00:06,592 - INFO - CoinGecko: Fetched 1000 tokens for analysis (pagination)
2025-07-01 12:00:06,594 - INFO - CoinGecko: Found 10 gainers and 10 losers
2025-07-01 12:00:06,595 - INFO - Fetching data from Binance...
2025-07-01 12:00:11,085 - INFO - Found 407 USDT trading pairs on Binance
2025-07-01 12:00:12,977 - INFO - Processed 593 USDT pairs with valid data
2025-07-01 12:00:12,999 - INFO - Fetching data from Bybit...
2025-07-01 12:00:13,422 - INFO - Found 524 USDT trading pairs on Bybit
2025-07-01 12:00:13,823 - INFO - Processed 524 USDT pairs with valid data
2025-07-01 12:00:13,831 - INFO - Data saved to daily_data/crypto_data_2025-07-01.json
2025-07-01 12:10:19,696 - INFO - Telegram message sent successfully
2025-07-01 12:10:19,699 - INFO - Startup message sent to Telegram
